<?xml version="1.0" encoding="UTF-8"?>
<!-- Generated by org.testng.reporters.JUnitXMLReporter -->
<testsuite hostname="manprax" ignored="0" name="E2E Test" tests="21" failures="0" timestamp="2021-04-06T18:35:43 IST" time="49.152" errors="0">
  <testcase name="courseLinkTest" time="5.15" classname="com.Test.Ui.TC_HomePage"/>
  <testcase name="courseLinkTest" time="2.421" classname="com.Test.Ui.TC_CoursePage"/>
  <testcase name="countOfLanguagefilter" time="0.716" classname="com.Test.Ui.TC_CoursePage"/>
  <testcase name="courseLanguageFilter" time="10.163" classname="com.Test.Ui.TC_CoursePage"/>
  <testcase name="ClassrommCulture" time="0.242" classname="com.Test.Ui.TC_CoursePage"/>
  <testcase name="ClassroomInstruction" time="0.187" classname="com.Test.Ui.TC_CoursePage"/>
  <testcase name="SchoolandCommunity" time="0.465" classname="com.Test.Ui.TC_CoursePage"/>
  <testcase name="SelfDevelopment" time="0.163" classname="com.Test.Ui.TC_CoursePage"/>
  <testcase name="StudentLeadership" time="0.183" classname="com.Test.Ui.TC_CoursePage"/>
  <testcase name="SubjectInstruction" time="0.147" classname="com.Test.Ui.TC_CoursePage"/>
  <testcase name="TheEducationLandscape" time="0.377" classname="com.Test.Ui.TC_CoursePage"/>
  <testcase name="CourseLevel_I" time="0.718" classname="com.Test.Ui.TC_CoursePage"/>
  <testcase name="CourseLevel_II" time="2.562" classname="com.Test.Ui.TC_CoursePage"/>
  <testcase name="CourseLevel_III" time="2.442" classname="com.Test.Ui.TC_CoursePage"/>
  <testcase name="courseSearchBox" time="1.425" classname="com.Test.Ui.TC_CoursePage"/>
  <testcase name="clickOnCourse" time="0.388" classname="com.Test.Ui.TC_CoursePage"/>
  <testcase name="clikOnPopUpViewCourse" time="2.975" classname="com.Test.Ui.TC_CoursePage"/>
  <testcase name="clikOnRegisterNow" time="2.533" classname="com.Test.Ui.TC_CoursePage"/>
  <testcase name="courseRegisterPage" time="0.575" classname="com.Test.Ui.TC_CoursePage"/>
  <testcase name="course_CustomRegisterPage" time="8.91" classname="com.Test.Ui.TC_CoursePage"/>
  <testcase name="viewCourseSignInUser" time="4.5" classname="com.Test.Ui.TC_CoursePage"/>
</testsuite> <!-- E2E Test -->
