<?xml version="1.0" encoding="UTF-8"?>
<!-- Generated by org.testng.reporters.JUnitXMLReporter -->
<testsuite hostname="manprax" ignored="0" name="E2E Test" tests="21" failures="1" timestamp="2021-04-06T18:02:15 IST" time="67.598" errors="0">
  <testcase name="courseLinkTest" time="4.897" classname="com.Test.Ui.TC_HomePage"/>
  <testcase name="courseLinkTest" time="1.706" classname="com.Test.Ui.TC_CoursePage"/>
  <testcase name="countOfLanguagefilter" time="5.316" classname="com.Test.Ui.TC_CoursePage"/>
  <testcase name="courseLanguageFilter" time="24.336" classname="com.Test.Ui.TC_CoursePage">
    <failure type="org.openqa.selenium.TimeoutException" message="Expected condition failed: waiting for visibility of all elements located by By.xpath: //div[@class=&amp;quot;dx-scrollview-content&amp;quot;]/div (tried for 20 second(s) with 500 milliseconds interval)
Build info: version: &amp;apos;3.141.59&amp;apos;, revision: &amp;apos;e82be7d358&amp;apos;, time: &amp;apos;2018-11-14T08:17:03&amp;apos;
System info: host: &amp;apos;manprax&amp;apos;, ip: &amp;apos;192.168.1.168&amp;apos;, os.name: &amp;apos;Linux&amp;apos;, os.arch: &amp;apos;amd64&amp;apos;, os.version: &amp;apos;5.4.0-67-generic&amp;apos;, java.version: &amp;apos;1.8.0_282&amp;apos;
Driver info: org.openqa.selenium.chrome.ChromeDriver
Capabilities {acceptInsecureCerts: false, browserName: chrome, browserVersion: 89.0.4389.90, chrome: {chromedriverVersion: 89.0.4389.90 (62eb262cdaae9..., userDataDir: /tmp/.org.chromium.Chromium...}, goog:chromeOptions: {debuggerAddress: localhost:43961}, javascriptEnabled: true, networkConnectionEnabled: false, pageLoadStrategy: normal, platform: LINUX, platformName: LINUX, proxy: Proxy(), setWindowRect: true, strictFileInteractability: false, timeouts: {implicit: 0, pageLoad: 300000, script: 30000}, unhandledPromptBehavior: dismiss and notify, webauthn:extension:largeBlob: true, webauthn:virtualAuthenticators: true}
Session ID: 80bc346cd8fd1673a4c89c2c53555ca4">
      <![CDATA[org.openqa.selenium.TimeoutException: Expected condition failed: waiting for visibility of all elements located by By.xpath: //div[@class="dx-scrollview-content"]/div (tried for 20 second(s) with 500 milliseconds interval)
Build info: version: '3.141.59', revision: 'e82be7d358', time: '2018-11-14T08:17:03'
System info: host: 'manprax', ip: '192.168.1.168', os.name: 'Linux', os.arch: 'amd64', os.version: '5.4.0-67-generic', java.version: '1.8.0_282'
Driver info: org.openqa.selenium.chrome.ChromeDriver
Capabilities {acceptInsecureCerts: false, browserName: chrome, browserVersion: 89.0.4389.90, chrome: {chromedriverVersion: 89.0.4389.90 (62eb262cdaae9..., userDataDir: /tmp/.org.chromium.Chromium...}, goog:chromeOptions: {debuggerAddress: localhost:43961}, javascriptEnabled: true, networkConnectionEnabled: false, pageLoadStrategy: normal, platform: LINUX, platformName: LINUX, proxy: Proxy(), setWindowRect: true, strictFileInteractability: false, timeouts: {implicit: 0, pageLoad: 300000, script: 30000}, unhandledPromptBehavior: dismiss and notify, webauthn:extension:largeBlob: true, webauthn:virtualAuthenticators: true}
Session ID: 80bc346cd8fd1673a4c89c2c53555ca4
at org.openqa.selenium.support.ui.WebDriverWait.timeoutException(WebDriverWait.java:95)
at org.openqa.selenium.support.ui.FluentWait.until(FluentWait.java:272)
at com.Pages.Base.dropDownOption(Base.java:69)
at com.Pages.CoursePage.chooseLanguage(CoursePage.java:31)
at com.Test.Ui.TC_CoursePage.courseLanguageFilter(TC_CoursePage.java:50)
at java.util.ArrayList.forEach(ArrayList.java:1259)
... Removed 27 stack frames]]>
    </failure>
  </testcase> <!-- courseLanguageFilter -->
  <testcase name="ClassrommCulture" time="0.413" classname="com.Test.Ui.TC_CoursePage"/>
  <testcase name="ClassroomInstruction" time="0.15" classname="com.Test.Ui.TC_CoursePage"/>
  <testcase name="SchoolandCommunity" time="0.146" classname="com.Test.Ui.TC_CoursePage"/>
  <testcase name="SelfDevelopment" time="0.27" classname="com.Test.Ui.TC_CoursePage"/>
  <testcase name="StudentLeadership" time="0.221" classname="com.Test.Ui.TC_CoursePage"/>
  <testcase name="SubjectInstruction" time="0.201" classname="com.Test.Ui.TC_CoursePage"/>
  <testcase name="TheEducationLandscape" time="0.397" classname="com.Test.Ui.TC_CoursePage"/>
  <testcase name="CourseLevel_I" time="0.805" classname="com.Test.Ui.TC_CoursePage"/>
  <testcase name="CourseLevel_II" time="1.485" classname="com.Test.Ui.TC_CoursePage"/>
  <testcase name="CourseLevel_III" time="3.749" classname="com.Test.Ui.TC_CoursePage"/>
  <testcase name="courseSearchBox" time="1.559" classname="com.Test.Ui.TC_CoursePage"/>
  <testcase name="clickOnCourse" time="0.159" classname="com.Test.Ui.TC_CoursePage"/>
  <testcase name="clikOnPopUpViewCourse" time="3.052" classname="com.Test.Ui.TC_CoursePage"/>
  <testcase name="clikOnRegisterNow" time="2.491" classname="com.Test.Ui.TC_CoursePage"/>
  <testcase name="courseRegisterPage" time="0.625" classname="com.Test.Ui.TC_CoursePage"/>
  <testcase name="course_CustomRegisterPage" time="9.755" classname="com.Test.Ui.TC_CoursePage"/>
  <testcase name="viewCourseSignInUser" time="3.426" classname="com.Test.Ui.TC_CoursePage"/>
</testsuite> <!-- E2E Test -->
