<?xml version="1.0" encoding="UTF-8"?>
<!-- Generated by org.testng.reporters.JUnitXMLReporter -->
<testsuite hostname="manprax" ignored="0" name="Default test" tests="20" failures="0" timestamp="2021-04-06T18:00:53 IST" time="0.18" errors="0">
  <testcase name="@BeforeClass setUp" time="0.024" classname="com.Test.Ui.TC_CoursePage">
    <failure type="java.lang.NullPointerException">
      <![CDATA[java.lang.NullPointerException
at com.Pages.Base.clickOn(Base.java:29)
at com.Pages.HomePage.navigateToCoursePage(HomePage.java:18)
at com.Test.Ui.TC_CoursePage.setUp(TC_CoursePage.java:27)
at sun.reflect.NativeMethodAccessorImpl.invoke0(Native Method)
at sun.reflect.NativeMethodAccessorImpl.invoke(NativeMethodAccessorImpl.java:62)
at sun.reflect.DelegatingMethodAccessorImpl.invoke(DelegatingMethodAccessorImpl.java:43)
at java.lang.reflect.Method.invoke(Method.java:498)
at org.testng.internal.MethodInvocationHelper.invokeMethod(MethodInvocationHelper.java:132)
at org.testng.internal.MethodInvocationHelper.invokeMethodConsideringTimeout(MethodInvocationHelper.java:61)
at org.testng.internal.ConfigInvoker.invokeConfigurationMethod(ConfigInvoker.java:366)
at org.testng.internal.ConfigInvoker.invokeConfigurations(ConfigInvoker.java:320)
at org.testng.internal.TestMethodWorker.invokeBeforeClassMethods(TestMethodWorker.java:176)
at org.testng.internal.TestMethodWorker.run(TestMethodWorker.java:122)
at java.util.ArrayList.forEach(ArrayList.java:1259)
at org.testng.TestRunner.privateRun(TestRunner.java:764)
at org.testng.TestRunner.run(TestRunner.java:585)
at org.testng.SuiteRunner.runTest(SuiteRunner.java:384)
at org.testng.SuiteRunner.runSequentially(SuiteRunner.java:378)
at org.testng.SuiteRunner.privateRun(SuiteRunner.java:337)
at org.testng.SuiteRunner.run(SuiteRunner.java:286)
at org.testng.SuiteRunnerWorker.runSuite(SuiteRunnerWorker.java:53)
at org.testng.SuiteRunnerWorker.run(SuiteRunnerWorker.java:96)
at org.testng.TestNG.runSuitesSequentially(TestNG.java:1218)
at org.testng.TestNG.runSuitesLocally(TestNG.java:1140)
at org.testng.TestNG.runSuites(TestNG.java:1069)
at org.testng.TestNG.run(TestNG.java:1037)
at org.testng.remote.AbstractRemoteTestNG.run(AbstractRemoteTestNG.java:115)
at org.testng.remote.RemoteTestNG.initAndRun(RemoteTestNG.java:251)
at org.testng.remote.RemoteTestNG.main(RemoteTestNG.java:77)
]]>
    </failure>
  </testcase> <!-- @BeforeClass setUp -->
  <testcase name="courseLinkTest" time="0.0" classname="com.Test.Ui.TC_CoursePage">
    <skipped/>
  </testcase> <!-- courseLinkTest -->
  <testcase name="countOfLanguagefilter" time="0.0" classname="com.Test.Ui.TC_CoursePage">
    <skipped/>
  </testcase> <!-- countOfLanguagefilter -->
  <testcase name="courseLanguageFilter" time="0.0" classname="com.Test.Ui.TC_CoursePage">
    <skipped/>
  </testcase> <!-- courseLanguageFilter -->
  <testcase name="ClassrommCulture" time="0.0" classname="com.Test.Ui.TC_CoursePage">
    <skipped/>
  </testcase> <!-- ClassrommCulture -->
  <testcase name="ClassroomInstruction" time="0.0" classname="com.Test.Ui.TC_CoursePage">
    <skipped/>
  </testcase> <!-- ClassroomInstruction -->
  <testcase name="SchoolandCommunity" time="0.0" classname="com.Test.Ui.TC_CoursePage">
    <skipped/>
  </testcase> <!-- SchoolandCommunity -->
  <testcase name="SelfDevelopment" time="0.0" classname="com.Test.Ui.TC_CoursePage">
    <skipped/>
  </testcase> <!-- SelfDevelopment -->
  <testcase name="StudentLeadership" time="0.0" classname="com.Test.Ui.TC_CoursePage">
    <skipped/>
  </testcase> <!-- StudentLeadership -->
  <testcase name="SubjectInstruction" time="0.0" classname="com.Test.Ui.TC_CoursePage">
    <skipped/>
  </testcase> <!-- SubjectInstruction -->
  <testcase name="TheEducationLandscape" time="0.0" classname="com.Test.Ui.TC_CoursePage">
    <skipped/>
  </testcase> <!-- TheEducationLandscape -->
  <testcase name="CourseLevel_I" time="0.0" classname="com.Test.Ui.TC_CoursePage">
    <skipped/>
  </testcase> <!-- CourseLevel_I -->
  <testcase name="CourseLevel_II" time="0.0" classname="com.Test.Ui.TC_CoursePage">
    <skipped/>
  </testcase> <!-- CourseLevel_II -->
  <testcase name="CourseLevel_III" time="0.0" classname="com.Test.Ui.TC_CoursePage">
    <skipped/>
  </testcase> <!-- CourseLevel_III -->
  <testcase name="courseSearchBox" time="0.0" classname="com.Test.Ui.TC_CoursePage">
    <skipped/>
  </testcase> <!-- courseSearchBox -->
  <testcase name="clickOnCourse" time="0.0" classname="com.Test.Ui.TC_CoursePage">
    <skipped/>
  </testcase> <!-- clickOnCourse -->
  <testcase name="clikOnPopUpViewCourse" time="0.0" classname="com.Test.Ui.TC_CoursePage">
    <skipped/>
  </testcase> <!-- clikOnPopUpViewCourse -->
  <testcase name="clikOnRegisterNow" time="0.0" classname="com.Test.Ui.TC_CoursePage">
    <skipped/>
  </testcase> <!-- clikOnRegisterNow -->
  <testcase name="courseRegisterPage" time="0.0" classname="com.Test.Ui.TC_CoursePage">
    <skipped/>
  </testcase> <!-- courseRegisterPage -->
  <testcase name="course_CustomRegisterPage" time="0.0" classname="com.Test.Ui.TC_CoursePage">
    <skipped/>
  </testcase> <!-- course_CustomRegisterPage -->
  <testcase name="viewCourseSignInUser" time="0.0" classname="com.Test.Ui.TC_CoursePage">
    <skipped/>
  </testcase> <!-- viewCourseSignInUser -->
</testsuite> <!-- Default test -->
