<?xml version="1.0" encoding="UTF-8"?>
<!-- Generated by org.testng.reporters.JUnitXMLReporter -->
<testsuite hostname="manprax" ignored="0" name="Default test" tests="3" failures="0" timestamp="2021-03-23T14:50:07 IST" time="32.074" errors="0">
  <testcase name="courseSearchBox" time="1.458" classname="com.Test.Ui.TC_CoursePage"/>
  <testcase name="clickOnCourse" time="0.163" classname="com.Test.Ui.TC_CoursePage"/>
  <testcase name="popUpViewCourse" time="9.7" classname="com.Test.Ui.TC_CoursePage"/>
</testsuite> <!-- Default test -->
