<?xml version="1.0" encoding="UTF-8"?>
<testng-results skipped="0" failed="1" ignored="0" total="13" passed="12">
  <reporter-output>
  </reporter-output>
  <suite name="Default suite" duration-ms="155457" started-at="2021-03-17T18:05:39 IST" finished-at="2021-03-17T18:08:15 IST">
    <groups>
    </groups>
    <test name="Default test" duration-ms="155457" started-at="2021-03-17T18:05:39 IST" finished-at="2021-03-17T18:08:15 IST">
      <class name="com.Test.Ui.TC_CoursePage">
        <test-method status="PASS" signature="setUp()[pri:0, instance:com.Test.Ui.TC_CoursePage@3b088d51]" name="setUp" is-config="true" duration-ms="18915" started-at="2021-03-17T18:05:39 IST" finished-at="2021-03-17T18:05:58 IST">
          <reporter-output>
          </reporter-output>
        </test-method> <!-- setUp -->
        <test-method status="PASS" signature="countOfLanguagefilter()[pri:2, instance:com.Test.Ui.TC_CoursePage@3b088d51]" name="countOfLanguagefilter" duration-ms="1701" started-at="2021-03-17T18:05:58 IST" description="Verify that 6 language available in course filter or not!" finished-at="2021-03-17T18:06:00 IST">
          <reporter-output>
          </reporter-output>
        </test-method> <!-- countOfLanguagefilter -->
        <test-method status="PASS" signature="courseLanguageFilter()[pri:3, instance:com.Test.Ui.TC_CoursePage@3b088d51]" name="courseLanguageFilter" duration-ms="7432" started-at="2021-03-17T18:06:00 IST" description="Verify that all language of course filter is working or not!" finished-at="2021-03-17T18:06:07 IST">
          <reporter-output>
          </reporter-output>
        </test-method> <!-- courseLanguageFilter -->
        <test-method status="PASS" signature="ClassrommCulture()[pri:4, instance:com.Test.Ui.TC_CoursePage@3b088d51]" name="ClassrommCulture" duration-ms="192" started-at="2021-03-17T18:06:07 IST" description="Verify that Classroom culture working or not!" finished-at="2021-03-17T18:06:07 IST">
          <reporter-output>
          </reporter-output>
        </test-method> <!-- ClassrommCulture -->
        <test-method status="PASS" signature="ClassroomInstruction()[pri:5, instance:com.Test.Ui.TC_CoursePage@3b088d51]" name="ClassroomInstruction" duration-ms="211" started-at="2021-03-17T18:06:07 IST" description="Verify that Classroom Instruction working or not!" finished-at="2021-03-17T18:06:08 IST">
          <reporter-output>
          </reporter-output>
        </test-method> <!-- ClassroomInstruction -->
        <test-method status="PASS" signature="SchoolandCommunity()[pri:6, instance:com.Test.Ui.TC_CoursePage@3b088d51]" name="SchoolandCommunity" duration-ms="432" started-at="2021-03-17T18:06:08 IST" description="Verify that Schooland Community working or not!" finished-at="2021-03-17T18:06:08 IST">
          <reporter-output>
          </reporter-output>
        </test-method> <!-- SchoolandCommunity -->
        <test-method status="PASS" signature="SelfDevelopment()[pri:7, instance:com.Test.Ui.TC_CoursePage@3b088d51]" name="SelfDevelopment" duration-ms="159" started-at="2021-03-17T18:06:08 IST" finished-at="2021-03-17T18:06:08 IST">
          <reporter-output>
          </reporter-output>
        </test-method> <!-- SelfDevelopment -->
        <test-method status="PASS" signature="StudentLeadership()[pri:8, instance:com.Test.Ui.TC_CoursePage@3b088d51]" name="StudentLeadership" duration-ms="140" started-at="2021-03-17T18:06:08 IST" description="Verify that  Student Leadership working or not!" finished-at="2021-03-17T18:06:08 IST">
          <reporter-output>
          </reporter-output>
        </test-method> <!-- StudentLeadership -->
        <test-method status="PASS" signature="SubjectInstruction()[pri:9, instance:com.Test.Ui.TC_CoursePage@3b088d51]" name="SubjectInstruction" duration-ms="154" started-at="2021-03-17T18:06:08 IST" description="Verify that Subject Instruction working or not!" finished-at="2021-03-17T18:06:09 IST">
          <reporter-output>
          </reporter-output>
        </test-method> <!-- SubjectInstruction -->
        <test-method status="PASS" signature="TheEducationLandscape()[pri:10, instance:com.Test.Ui.TC_CoursePage@3b088d51]" name="TheEducationLandscape" duration-ms="241" started-at="2021-03-17T18:06:09 IST" description="Verify that TheEducationLandscape working or not!" finished-at="2021-03-17T18:06:09 IST">
          <reporter-output>
          </reporter-output>
        </test-method> <!-- TheEducationLandscape -->
        <test-method status="PASS" signature="CourseLevel_I()[pri:11, instance:com.Test.Ui.TC_CoursePage@3b088d51]" name="CourseLevel_I" duration-ms="1199" started-at="2021-03-17T18:06:09 IST" description="Verify that Level-I filter working or not!" finished-at="2021-03-17T18:06:10 IST">
          <reporter-output>
          </reporter-output>
        </test-method> <!-- CourseLevel_I -->
        <test-method status="PASS" signature="CourseLevel_II()[pri:12, instance:com.Test.Ui.TC_CoursePage@3b088d51]" name="CourseLevel_II" duration-ms="1208" started-at="2021-03-17T18:06:10 IST" description="Verify that Level-II filter working or not!" finished-at="2021-03-17T18:06:11 IST">
          <reporter-output>
          </reporter-output>
        </test-method> <!-- CourseLevel_II -->
        <test-method status="PASS" signature="CourseLevel_III()[pri:13, instance:com.Test.Ui.TC_CoursePage@3b088d51]" name="CourseLevel_III" duration-ms="1356" started-at="2021-03-17T18:06:11 IST" description="Verify that Level-III filter working or not!" finished-at="2021-03-17T18:06:13 IST">
          <reporter-output>
          </reporter-output>
        </test-method> <!-- CourseLevel_III -->
        <test-method status="PASS" signature="tearDown()[pri:0, instance:com.Test.Ui.TC_CoursePage@3b088d51]" name="tearDown" is-config="true" duration-ms="152" started-at="2021-03-17T18:08:14 IST" finished-at="2021-03-17T18:08:15 IST">
          <reporter-output>
          </reporter-output>
        </test-method> <!-- tearDown -->
      </class> <!-- com.Test.Ui.TC_CoursePage -->
      <class name="com.Test.Ui.TC_HomePage">
        <test-method status="PASS" signature="setUp()[pri:0, instance:com.Test.Ui.TC_HomePage@1786dec2]" name="setUp" is-config="true" duration-ms="6977" started-at="2021-03-17T18:06:13 IST" finished-at="2021-03-17T18:06:20 IST">
          <reporter-output>
          </reporter-output>
        </test-method> <!-- setUp -->
        <test-method status="FAIL" signature="courseLinkTest()[pri:1, instance:com.Test.Ui.TC_HomePage@1786dec2]" name="courseLinkTest" duration-ms="114889" started-at="2021-03-17T18:06:20 IST" description="Verify that course link is working or not!" finished-at="2021-03-17T18:08:14 IST">
          <exception class="org.openqa.selenium.TimeoutException">
            <message>
              <![CDATA[Expected condition failed: waiting for visibility of element located by By.className: text_capitalize (tried for 30 second(s) with 1000 milliseconds interval)
Build info: version: '3.141.59', revision: 'e82be7d358', time: '2018-11-14T08:17:03'
System info: host: 'manprax', ip: '172.20.10.4', os.name: 'Linux', os.arch: 'amd64', os.version: '5.4.0-66-generic', java.version: '1.8.0_282'
Driver info: org.openqa.selenium.chrome.ChromeDriver
Capabilities {acceptInsecureCerts: false, acceptSslCerts: false, applicationCacheEnabled: false, browserConnectionEnabled: false, browserName: chrome, chrome: {chromedriverVersion: 2.41.578700 (2f1ed5f9343c13..., userDataDir: /tmp/.org.chromium.Chromium...}, cssSelectorsEnabled: true, databaseEnabled: false, goog:chromeOptions: {debuggerAddress: localhost:38433}, handlesAlerts: true, hasTouchScreen: false, javascriptEnabled: true, locationContextEnabled: true, mobileEmulationEnabled: false, nativeEvents: true, networkConnectionEnabled: false, pageLoadStrategy: normal, platform: LINUX, platformName: LINUX, rotatable: false, setWindowRect: true, takesHeapSnapshot: true, takesScreenshot: true, unexpectedAlertBehaviour: , unhandledPromptBehavior: , version: 89.0.4389.90, webStorageEnabled: true}
Session ID: e790d525c8e649b20aaede8cd4442c20]]>
            </message>
            <full-stacktrace>
              <![CDATA[org.openqa.selenium.TimeoutException: Expected condition failed: waiting for visibility of element located by By.className: text_capitalize (tried for 30 second(s) with 1000 milliseconds interval)
Build info: version: '3.141.59', revision: 'e82be7d358', time: '2018-11-14T08:17:03'
System info: host: 'manprax', ip: '172.20.10.4', os.name: 'Linux', os.arch: 'amd64', os.version: '5.4.0-66-generic', java.version: '1.8.0_282'
Driver info: org.openqa.selenium.chrome.ChromeDriver
Capabilities {acceptInsecureCerts: false, acceptSslCerts: false, applicationCacheEnabled: false, browserConnectionEnabled: false, browserName: chrome, chrome: {chromedriverVersion: 2.41.578700 (2f1ed5f9343c13..., userDataDir: /tmp/.org.chromium.Chromium...}, cssSelectorsEnabled: true, databaseEnabled: false, goog:chromeOptions: {debuggerAddress: localhost:38433}, handlesAlerts: true, hasTouchScreen: false, javascriptEnabled: true, locationContextEnabled: true, mobileEmulationEnabled: false, nativeEvents: true, networkConnectionEnabled: false, pageLoadStrategy: normal, platform: LINUX, platformName: LINUX, rotatable: false, setWindowRect: true, takesHeapSnapshot: true, takesScreenshot: true, unexpectedAlertBehaviour: , unhandledPromptBehavior: , version: 89.0.4389.90, webStorageEnabled: true}
Session ID: e790d525c8e649b20aaede8cd4442c20
at org.openqa.selenium.support.ui.WebDriverWait.timeoutException(WebDriverWait.java:95)
at org.openqa.selenium.support.ui.FluentWait.until(FluentWait.java:272)
at com.Pages.Base.isElementPresent(Base.java:32)
at com.Pages.CoursePage.isClassroomCultureText(CoursePage.java:50)
at com.Test.Ui.TC_HomePage.courseLinkTest(TC_HomePage.java:29)
at sun.reflect.NativeMethodAccessorImpl.invoke0(Native Method)
at sun.reflect.NativeMethodAccessorImpl.invoke(NativeMethodAccessorImpl.java:62)
at sun.reflect.DelegatingMethodAccessorImpl.invoke(DelegatingMethodAccessorImpl.java:43)
at java.lang.reflect.Method.invoke(Method.java:498)
at org.testng.internal.MethodInvocationHelper.invokeMethod(MethodInvocationHelper.java:132)
at org.testng.internal.TestInvoker.invokeMethod(TestInvoker.java:599)
at org.testng.internal.TestInvoker.invokeTestMethod(TestInvoker.java:174)
at org.testng.internal.MethodRunner.runInSequence(MethodRunner.java:46)
at org.testng.internal.TestInvoker$MethodInvocationAgent.invoke(TestInvoker.java:822)
at org.testng.internal.TestInvoker.invokeTestMethods(TestInvoker.java:147)
at org.testng.internal.TestMethodWorker.invokeTestMethods(TestMethodWorker.java:146)
at org.testng.internal.TestMethodWorker.run(TestMethodWorker.java:128)
at java.util.ArrayList.forEach(ArrayList.java:1259)
at org.testng.TestRunner.privateRun(TestRunner.java:764)
at org.testng.TestRunner.run(TestRunner.java:585)
at org.testng.SuiteRunner.runTest(SuiteRunner.java:384)
at org.testng.SuiteRunner.runSequentially(SuiteRunner.java:378)
at org.testng.SuiteRunner.privateRun(SuiteRunner.java:337)
at org.testng.SuiteRunner.run(SuiteRunner.java:286)
at org.testng.SuiteRunnerWorker.runSuite(SuiteRunnerWorker.java:53)
at org.testng.SuiteRunnerWorker.run(SuiteRunnerWorker.java:96)
at org.testng.TestNG.runSuitesSequentially(TestNG.java:1218)
at org.testng.TestNG.runSuitesLocally(TestNG.java:1140)
at org.testng.TestNG.runSuites(TestNG.java:1069)
at org.testng.TestNG.run(TestNG.java:1037)
at org.testng.remote.AbstractRemoteTestNG.run(AbstractRemoteTestNG.java:115)
at org.testng.remote.RemoteTestNG.initAndRun(RemoteTestNG.java:251)
at org.testng.remote.RemoteTestNG.main(RemoteTestNG.java:77)
]]>
            </full-stacktrace>
          </exception> <!-- org.openqa.selenium.TimeoutException -->
          <reporter-output>
          </reporter-output>
        </test-method> <!-- courseLinkTest -->
        <test-method status="PASS" signature="tearDown()[pri:0, instance:com.Test.Ui.TC_HomePage@1786dec2]" name="tearDown" is-config="true" duration-ms="0" started-at="2021-03-17T18:08:15 IST" finished-at="2021-03-17T18:08:15 IST">
          <reporter-output>
          </reporter-output>
        </test-method> <!-- tearDown -->
      </class> <!-- com.Test.Ui.TC_HomePage -->
    </test> <!-- Default test -->
  </suite> <!-- Default suite -->
</testng-results>
