<?xml version="1.0" encoding="UTF-8"?>
<testng-results skipped="0" failed="0" ignored="1" total="2" passed="1">
  <reporter-output>
  </reporter-output>
  <suite name="Default suite" duration-ms="31143" started-at="2021-05-06T18:23:02 IST" finished-at="2021-05-06T18:23:34 IST">
    <groups>
    </groups>
    <test name="Default test" duration-ms="31143" started-at="2021-05-06T18:23:02 IST" finished-at="2021-05-06T18:23:34 IST">
      <class name="com.Test.Ui.TC_SignIn">
        <test-method status="PASS" signature="setup()[pri:0, instance:com.Test.Ui.TC_SignIn@262b2c86]" name="setup" is-config="true" duration-ms="10336" started-at="2021-05-06T18:23:02 IST" finished-at="2021-05-06T18:23:13 IST">
          <reporter-output>
          </reporter-output>
        </test-method> <!-- setup -->
        <test-method status="PASS" signature="login_Data(java.lang.String,java.lang.String)[pri:2, instance:com.Test.Ui.TC_SignIn@262b2c86]" name="login_Data" duration-ms="20348" started-at="2021-05-06T18:23:13 IST" description="Verify login test" data-provider="propFile" finished-at="2021-05-06T18:23:33 IST">
          <params>
            <param index="0">
              <value>
                <![CDATA[nishantkumarsinha16@gmail.com]]>
              </value>
            </param>
            <param index="1">
              <value>
                <![CDATA[edx]]>
              </value>
            </param>
          </params>
          <reporter-output>
          </reporter-output>
        </test-method> <!-- login_Data -->
        <test-method status="PASS" signature="tearDown()[pri:0, instance:com.Test.Ui.TC_SignIn@262b2c86]" name="tearDown" is-config="true" duration-ms="385" started-at="2021-05-06T18:23:33 IST" finished-at="2021-05-06T18:23:34 IST">
          <reporter-output>
          </reporter-output>
        </test-method> <!-- tearDown -->
      </class> <!-- com.Test.Ui.TC_SignIn -->
    </test> <!-- Default test -->
  </suite> <!-- Default suite -->
</testng-results>
