<?xml version="1.0" encoding="UTF-8"?>
<testng-results skipped="0" failed="0" ignored="0" total="3" passed="3">
  <reporter-output>
  </reporter-output>
  <suite name="Default suite" duration-ms="32074" started-at="2021-03-23T14:49:35 IST" finished-at="2021-03-23T14:50:07 IST">
    <groups>
    </groups>
    <test name="Default test" duration-ms="32074" started-at="2021-03-23T14:49:35 IST" finished-at="2021-03-23T14:50:07 IST">
      <class name="com.Test.Ui.TC_CoursePage">
        <test-method status="PASS" signature="setUp()[pri:0, instance:com.Test.Ui.TC_CoursePage@2a17b7b6]" name="setUp" is-config="true" duration-ms="20681" started-at="2021-03-23T14:49:35 IST" finished-at="2021-03-23T14:49:56 IST">
          <reporter-output>
          </reporter-output>
        </test-method> <!-- setUp -->
        <test-method status="PASS" signature="courseSearchBox()[pri:14, instance:com.Test.Ui.TC_CoursePage@2a17b7b6]" name="courseSearchBox" duration-ms="1458" started-at="2021-03-23T14:49:56 IST" description="Verify that search box is working or not!" finished-at="2021-03-23T14:49:57 IST">
          <reporter-output>
          </reporter-output>
        </test-method> <!-- courseSearchBox -->
        <test-method status="PASS" signature="clickOnCourse()[pri:15, instance:com.Test.Ui.TC_CoursePage@2a17b7b6]" name="clickOnCourse" duration-ms="163" started-at="2021-03-23T14:49:57 IST" description="Verify that user is able to click on course or not!" finished-at="2021-03-23T14:49:57 IST">
          <reporter-output>
          </reporter-output>
        </test-method> <!-- clickOnCourse -->
        <test-method status="PASS" signature="popUpViewCourse()[pri:16, instance:com.Test.Ui.TC_CoursePage@2a17b7b6]" name="popUpViewCourse" duration-ms="9700" started-at="2021-03-23T14:49:57 IST" description="Verify that user is able to click on popUp viewcourse or not!" finished-at="2021-03-23T14:50:07 IST">
          <reporter-output>
          </reporter-output>
        </test-method> <!-- popUpViewCourse -->
        <test-method status="PASS" signature="tearDown()[pri:0, instance:com.Test.Ui.TC_CoursePage@2a17b7b6]" name="tearDown" is-config="true" duration-ms="212" started-at="2021-03-23T14:50:07 IST" finished-at="2021-03-23T14:50:07 IST">
          <reporter-output>
          </reporter-output>
        </test-method> <!-- tearDown -->
      </class> <!-- com.Test.Ui.TC_CoursePage -->
    </test> <!-- Default test -->
  </suite> <!-- Default suite -->
</testng-results>
