<?xml version="1.0" encoding="UTF-8"?>
<testng-results skipped="0" failed="0" ignored="0" total="2" passed="2">
  <reporter-output>
  </reporter-output>
  <suite name="Default suite" duration-ms="20740" started-at="2021-04-23T13:45:11 IST" finished-at="2021-04-23T13:45:32 IST">
    <groups>
    </groups>
    <test name="Default test" duration-ms="20740" started-at="2021-04-23T13:45:11 IST" finished-at="2021-04-23T13:45:32 IST">
      <class name="com.Test.Ui.TC_ResourcePage">
        <test-method status="PASS" signature="setup()[pri:0, instance:com.Test.Ui.TC_ResourcePage@11438d26]" name="setup" is-config="true" duration-ms="8586" started-at="2021-04-23T13:45:11 IST" finished-at="2021-04-23T13:45:20 IST">
          <reporter-output>
          </reporter-output>
        </test-method> <!-- setup -->
        <test-method status="PASS" signature="TC_navigateToResourcePage()[pri:1, instance:com.Test.Ui.TC_ResourcePage@11438d26]" name="TC_navigateToResourcePage" duration-ms="11394" started-at="2021-04-23T13:45:20 IST" description="Verify that user can navigate to resource page or not!" finished-at="2021-04-23T13:45:31 IST">
          <reporter-output>
          </reporter-output>
        </test-method> <!-- TC_navigateToResourcePage -->
        <test-method status="PASS" signature="TC_Resource_subjectFilter()[pri:2, instance:com.Test.Ui.TC_ResourcePage@11438d26]" name="TC_Resource_subjectFilter" duration-ms="572" started-at="2021-04-23T13:45:31 IST" description="Verify that user can select subject filter or not!" finished-at="2021-04-23T13:45:32 IST">
          <reporter-output>
          </reporter-output>
        </test-method> <!-- TC_Resource_subjectFilter -->
        <test-method status="PASS" signature="tearDown()[pri:0, instance:com.Test.Ui.TC_ResourcePage@11438d26]" name="tearDown" is-config="true" duration-ms="135" started-at="2021-04-23T13:45:32 IST" finished-at="2021-04-23T13:45:32 IST">
          <reporter-output>
          </reporter-output>
        </test-method> <!-- tearDown -->
      </class> <!-- com.Test.Ui.TC_ResourcePage -->
    </test> <!-- Default test -->
  </suite> <!-- Default suite -->
</testng-results>
