<?xml version="1.0" encoding="UTF-8"?>
<testng-results skipped="0" failed="1" ignored="0" total="21" passed="20">
  <reporter-output>
  </reporter-output>
  <suite name="Firki Test Suite" duration-ms="67598" started-at="2021-04-06T18:01:08 IST" finished-at="2021-04-06T18:02:15 IST">
    <groups>
    </groups>
    <test name="E2E Test" duration-ms="67598" started-at="2021-04-06T18:01:08 IST" finished-at="2021-04-06T18:02:15 IST">
      <class name="com.Test.Ui.TC_CoursePage">
        <test-method status="PASS" signature="setUp()[pri:0, instance:com.Test.Ui.TC_CoursePage@1f7030a6]" name="setUp" is-config="true" duration-ms="2292" started-at="2021-04-06T18:01:13 IST" finished-at="2021-04-06T18:01:15 IST">
          <reporter-output>
          </reporter-output>
        </test-method> <!-- setUp -->
        <test-method status="PASS" signature="courseLinkTest()[pri:1, instance:com.Test.Ui.TC_CoursePage@1f7030a6]" name="courseLinkTest" duration-ms="1706" started-at="2021-04-06T18:01:15 IST" description="Verify that course link is working or not!" finished-at="2021-04-06T18:01:17 IST">
          <reporter-output>
          </reporter-output>
        </test-method> <!-- courseLinkTest -->
        <test-method status="PASS" signature="countOfLanguagefilter()[pri:2, instance:com.Test.Ui.TC_CoursePage@1f7030a6]" name="countOfLanguagefilter" duration-ms="5316" started-at="2021-04-06T18:01:17 IST" description="Verify that 6 language available in course filter or not!" finished-at="2021-04-06T18:01:22 IST">
          <reporter-output>
          </reporter-output>
        </test-method> <!-- countOfLanguagefilter -->
        <test-method status="FAIL" signature="courseLanguageFilter()[pri:3, instance:com.Test.Ui.TC_CoursePage@1f7030a6]" name="courseLanguageFilter" duration-ms="24336" started-at="2021-04-06T18:01:22 IST" description="Verify that all language of course filter is working or not!" finished-at="2021-04-06T18:01:46 IST">
          <exception class="org.openqa.selenium.TimeoutException">
            <message>
              <![CDATA[Expected condition failed: waiting for visibility of all elements located by By.xpath: //div[@class="dx-scrollview-content"]/div (tried for 20 second(s) with 500 milliseconds interval)
Build info: version: '3.141.59', revision: 'e82be7d358', time: '2018-11-14T08:17:03'
System info: host: 'manprax', ip: '192.168.1.168', os.name: 'Linux', os.arch: 'amd64', os.version: '5.4.0-67-generic', java.version: '1.8.0_282'
Driver info: org.openqa.selenium.chrome.ChromeDriver
Capabilities {acceptInsecureCerts: false, browserName: chrome, browserVersion: 89.0.4389.90, chrome: {chromedriverVersion: 89.0.4389.90 (62eb262cdaae9..., userDataDir: /tmp/.org.chromium.Chromium...}, goog:chromeOptions: {debuggerAddress: localhost:43961}, javascriptEnabled: true, networkConnectionEnabled: false, pageLoadStrategy: normal, platform: LINUX, platformName: LINUX, proxy: Proxy(), setWindowRect: true, strictFileInteractability: false, timeouts: {implicit: 0, pageLoad: 300000, script: 30000}, unhandledPromptBehavior: dismiss and notify, webauthn:extension:largeBlob: true, webauthn:virtualAuthenticators: true}
Session ID: 80bc346cd8fd1673a4c89c2c53555ca4]]>
            </message>
            <full-stacktrace>
              <![CDATA[org.openqa.selenium.TimeoutException: Expected condition failed: waiting for visibility of all elements located by By.xpath: //div[@class="dx-scrollview-content"]/div (tried for 20 second(s) with 500 milliseconds interval)
Build info: version: '3.141.59', revision: 'e82be7d358', time: '2018-11-14T08:17:03'
System info: host: 'manprax', ip: '192.168.1.168', os.name: 'Linux', os.arch: 'amd64', os.version: '5.4.0-67-generic', java.version: '1.8.0_282'
Driver info: org.openqa.selenium.chrome.ChromeDriver
Capabilities {acceptInsecureCerts: false, browserName: chrome, browserVersion: 89.0.4389.90, chrome: {chromedriverVersion: 89.0.4389.90 (62eb262cdaae9..., userDataDir: /tmp/.org.chromium.Chromium...}, goog:chromeOptions: {debuggerAddress: localhost:43961}, javascriptEnabled: true, networkConnectionEnabled: false, pageLoadStrategy: normal, platform: LINUX, platformName: LINUX, proxy: Proxy(), setWindowRect: true, strictFileInteractability: false, timeouts: {implicit: 0, pageLoad: 300000, script: 30000}, unhandledPromptBehavior: dismiss and notify, webauthn:extension:largeBlob: true, webauthn:virtualAuthenticators: true}
Session ID: 80bc346cd8fd1673a4c89c2c53555ca4
at org.openqa.selenium.support.ui.WebDriverWait.timeoutException(WebDriverWait.java:95)
at org.openqa.selenium.support.ui.FluentWait.until(FluentWait.java:272)
at com.Pages.Base.dropDownOption(Base.java:69)
at com.Pages.CoursePage.chooseLanguage(CoursePage.java:31)
at com.Test.Ui.TC_CoursePage.courseLanguageFilter(TC_CoursePage.java:50)
at sun.reflect.NativeMethodAccessorImpl.invoke0(Native Method)
at sun.reflect.NativeMethodAccessorImpl.invoke(NativeMethodAccessorImpl.java:62)
at sun.reflect.DelegatingMethodAccessorImpl.invoke(DelegatingMethodAccessorImpl.java:43)
at java.lang.reflect.Method.invoke(Method.java:498)
at org.testng.internal.MethodInvocationHelper.invokeMethod(MethodInvocationHelper.java:132)
at org.testng.internal.TestInvoker.invokeMethod(TestInvoker.java:599)
at org.testng.internal.TestInvoker.invokeTestMethod(TestInvoker.java:174)
at org.testng.internal.MethodRunner.runInSequence(MethodRunner.java:46)
at org.testng.internal.TestInvoker$MethodInvocationAgent.invoke(TestInvoker.java:822)
at org.testng.internal.TestInvoker.invokeTestMethods(TestInvoker.java:147)
at org.testng.internal.TestMethodWorker.invokeTestMethods(TestMethodWorker.java:146)
at org.testng.internal.TestMethodWorker.run(TestMethodWorker.java:128)
at java.util.ArrayList.forEach(ArrayList.java:1259)
at org.testng.TestRunner.privateRun(TestRunner.java:764)
at org.testng.TestRunner.run(TestRunner.java:585)
at org.testng.SuiteRunner.runTest(SuiteRunner.java:384)
at org.testng.SuiteRunner.runSequentially(SuiteRunner.java:378)
at org.testng.SuiteRunner.privateRun(SuiteRunner.java:337)
at org.testng.SuiteRunner.run(SuiteRunner.java:286)
at org.testng.SuiteRunnerWorker.runSuite(SuiteRunnerWorker.java:53)
at org.testng.SuiteRunnerWorker.run(SuiteRunnerWorker.java:96)
at org.testng.TestNG.runSuitesSequentially(TestNG.java:1218)
at org.testng.TestNG.runSuitesLocally(TestNG.java:1140)
at org.testng.TestNG.runSuites(TestNG.java:1069)
at org.testng.TestNG.run(TestNG.java:1037)
at org.testng.remote.AbstractRemoteTestNG.run(AbstractRemoteTestNG.java:115)
at org.testng.remote.RemoteTestNG.initAndRun(RemoteTestNG.java:251)
at org.testng.remote.RemoteTestNG.main(RemoteTestNG.java:77)
]]>
            </full-stacktrace>
          </exception> <!-- org.openqa.selenium.TimeoutException -->
          <reporter-output>
          </reporter-output>
        </test-method> <!-- courseLanguageFilter -->
        <test-method status="PASS" signature="ClassrommCulture()[pri:4, instance:com.Test.Ui.TC_CoursePage@1f7030a6]" name="ClassrommCulture" duration-ms="413" started-at="2021-04-06T18:01:46 IST" description="Verify that Classroom culture working or not!" finished-at="2021-04-06T18:01:47 IST">
          <reporter-output>
          </reporter-output>
        </test-method> <!-- ClassrommCulture -->
        <test-method status="PASS" signature="ClassroomInstruction()[pri:5, instance:com.Test.Ui.TC_CoursePage@1f7030a6]" name="ClassroomInstruction" duration-ms="150" started-at="2021-04-06T18:01:47 IST" description="Verify that Classroom Instruction working or not!" finished-at="2021-04-06T18:01:47 IST">
          <reporter-output>
          </reporter-output>
        </test-method> <!-- ClassroomInstruction -->
        <test-method status="PASS" signature="SchoolandCommunity()[pri:6, instance:com.Test.Ui.TC_CoursePage@1f7030a6]" name="SchoolandCommunity" duration-ms="146" started-at="2021-04-06T18:01:47 IST" description="Verify that Schooland Community working or not!" finished-at="2021-04-06T18:01:47 IST">
          <reporter-output>
          </reporter-output>
        </test-method> <!-- SchoolandCommunity -->
        <test-method status="PASS" signature="SelfDevelopment()[pri:7, instance:com.Test.Ui.TC_CoursePage@1f7030a6]" name="SelfDevelopment" duration-ms="270" started-at="2021-04-06T18:01:47 IST" finished-at="2021-04-06T18:01:47 IST">
          <reporter-output>
          </reporter-output>
        </test-method> <!-- SelfDevelopment -->
        <test-method status="PASS" signature="StudentLeadership()[pri:8, instance:com.Test.Ui.TC_CoursePage@1f7030a6]" name="StudentLeadership" duration-ms="221" started-at="2021-04-06T18:01:47 IST" description="Verify that  Student Leadership working or not!" finished-at="2021-04-06T18:01:48 IST">
          <reporter-output>
          </reporter-output>
        </test-method> <!-- StudentLeadership -->
        <test-method status="PASS" signature="SubjectInstruction()[pri:9, instance:com.Test.Ui.TC_CoursePage@1f7030a6]" name="SubjectInstruction" duration-ms="201" started-at="2021-04-06T18:01:48 IST" description="Verify that Subject Instruction working or not!" finished-at="2021-04-06T18:01:48 IST">
          <reporter-output>
          </reporter-output>
        </test-method> <!-- SubjectInstruction -->
        <test-method status="PASS" signature="TheEducationLandscape()[pri:10, instance:com.Test.Ui.TC_CoursePage@1f7030a6]" name="TheEducationLandscape" duration-ms="397" started-at="2021-04-06T18:01:48 IST" description="Verify that TheEducationLandscape working or not!" finished-at="2021-04-06T18:01:48 IST">
          <reporter-output>
          </reporter-output>
        </test-method> <!-- TheEducationLandscape -->
        <test-method status="PASS" signature="CourseLevel_I()[pri:11, instance:com.Test.Ui.TC_CoursePage@1f7030a6]" name="CourseLevel_I" duration-ms="805" started-at="2021-04-06T18:01:48 IST" description="Verify that Level-I filter working or not!" finished-at="2021-04-06T18:01:49 IST">
          <reporter-output>
          </reporter-output>
        </test-method> <!-- CourseLevel_I -->
        <test-method status="PASS" signature="CourseLevel_II()[pri:12, instance:com.Test.Ui.TC_CoursePage@1f7030a6]" name="CourseLevel_II" duration-ms="1485" started-at="2021-04-06T18:01:49 IST" description="Verify that Level-II filter working or not!" finished-at="2021-04-06T18:01:50 IST">
          <reporter-output>
          </reporter-output>
        </test-method> <!-- CourseLevel_II -->
        <test-method status="PASS" signature="CourseLevel_III()[pri:13, instance:com.Test.Ui.TC_CoursePage@1f7030a6]" name="CourseLevel_III" duration-ms="3749" started-at="2021-04-06T18:01:50 IST" description="Verify that Level-III filter working or not!" finished-at="2021-04-06T18:01:54 IST">
          <reporter-output>
          </reporter-output>
        </test-method> <!-- CourseLevel_III -->
        <test-method status="PASS" signature="courseSearchBox()[pri:14, instance:com.Test.Ui.TC_CoursePage@1f7030a6]" name="courseSearchBox" duration-ms="1559" started-at="2021-04-06T18:01:54 IST" description="Verify that search box is working or not!" finished-at="2021-04-06T18:01:56 IST">
          <reporter-output>
          </reporter-output>
        </test-method> <!-- courseSearchBox -->
        <test-method status="PASS" signature="clickOnCourse()[pri:15, instance:com.Test.Ui.TC_CoursePage@1f7030a6]" name="clickOnCourse" duration-ms="159" started-at="2021-04-06T18:01:56 IST" description="Verify that user is able to click on course or not!" finished-at="2021-04-06T18:01:56 IST">
          <reporter-output>
          </reporter-output>
        </test-method> <!-- clickOnCourse -->
        <test-method status="PASS" signature="clikOnPopUpViewCourse()[pri:16, instance:com.Test.Ui.TC_CoursePage@1f7030a6]" name="clikOnPopUpViewCourse" duration-ms="3052" started-at="2021-04-06T18:01:56 IST" description="Verify that user is able to click on popUp viewcourse or not!" finished-at="2021-04-06T18:01:59 IST">
          <reporter-output>
          </reporter-output>
        </test-method> <!-- clikOnPopUpViewCourse -->
        <test-method status="PASS" signature="clikOnRegisterNow()[pri:17, instance:com.Test.Ui.TC_CoursePage@1f7030a6]" name="clikOnRegisterNow" duration-ms="2491" started-at="2021-04-06T18:01:59 IST" description="Verify that Non-Register user is able to click on Register Now Button or not!" finished-at="2021-04-06T18:02:01 IST">
          <reporter-output>
          </reporter-output>
        </test-method> <!-- clikOnRegisterNow -->
        <test-method status="PASS" signature="courseRegisterPage()[pri:18, instance:com.Test.Ui.TC_CoursePage@1f7030a6]" name="courseRegisterPage" duration-ms="625" started-at="2021-04-06T18:02:01 IST" description="Verify that Non-Register user is able to click on Register Now Button or not!" finished-at="2021-04-06T18:02:02 IST">
          <reporter-output>
          </reporter-output>
        </test-method> <!-- courseRegisterPage -->
        <test-method status="PASS" signature="course_CustomRegisterPage()[pri:19, instance:com.Test.Ui.TC_CoursePage@1f7030a6]" name="course_CustomRegisterPage" duration-ms="9755" started-at="2021-04-06T18:02:02 IST" description="Verify that Non-Register user is able to click on Register Now Button or not!" finished-at="2021-04-06T18:02:12 IST">
          <reporter-output>
          </reporter-output>
        </test-method> <!-- course_CustomRegisterPage -->
        <test-method status="PASS" signature="viewCourseSignInUser()[pri:20, instance:com.Test.Ui.TC_CoursePage@1f7030a6]" name="viewCourseSignInUser" duration-ms="3426" started-at="2021-04-06T18:02:12 IST" description="Verify that Sign In/Register user is able to click on view course button or not!" finished-at="2021-04-06T18:02:15 IST">
          <reporter-output>
          </reporter-output>
        </test-method> <!-- viewCourseSignInUser -->
        <test-method status="PASS" signature="tearDown()[pri:0, instance:com.Test.Ui.TC_CoursePage@1f7030a6]" name="tearDown" is-config="true" duration-ms="409" started-at="2021-04-06T18:02:15 IST" finished-at="2021-04-06T18:02:16 IST">
          <reporter-output>
          </reporter-output>
        </test-method> <!-- tearDown -->
      </class> <!-- com.Test.Ui.TC_CoursePage -->
      <class name="com.Test.Ui.TC_HomePage">
        <test-method status="PASS" signature="setUp()[pri:0, instance:com.Test.Ui.TC_HomePage@56aac163]" name="setUp" is-config="true" duration-ms="5423" started-at="2021-04-06T18:01:02 IST" finished-at="2021-04-06T18:01:08 IST">
          <reporter-output>
          </reporter-output>
        </test-method> <!-- setUp -->
        <test-method status="PASS" signature="courseLinkTest()[pri:0, instance:com.Test.Ui.TC_HomePage@56aac163]" name="courseLinkTest" duration-ms="4897" started-at="2021-04-06T18:01:08 IST" description="Verify that course link is working or not!" finished-at="2021-04-06T18:01:13 IST">
          <reporter-output>
          </reporter-output>
        </test-method> <!-- courseLinkTest -->
      </class> <!-- com.Test.Ui.TC_HomePage -->
    </test> <!-- E2E Test -->
  </suite> <!-- Firki Test Suite -->
</testng-results>
