<?xml version="1.0" encoding="UTF-8"?>
<!-- Generated by org.testng.reporters.JUnitReportReporter -->
<testsuite skipped="0" hostname="manprax" name="com.Test.Ui.TC_CoursePage" tests="12" failures="0" timestamp="2021-03-17T18:08:15 IST" time="14.425" errors="0">
  <testcase name="countOfLanguagefilter" time="1.701" classname="com.Test.Ui.TC_CoursePage"/>
  <system-out/>
  <testcase name="courseLanguageFilter" time="7.432" classname="com.Test.Ui.TC_CoursePage"/>
  <system-out/>
  <testcase name="ClassrommCulture" time="0.192" classname="com.Test.Ui.TC_CoursePage"/>
  <system-out/>
  <testcase name="ClassroomInstruction" time="0.211" classname="com.Test.Ui.TC_CoursePage"/>
  <system-out/>
  <testcase name="SchoolandCommunity" time="0.432" classname="com.Test.Ui.TC_CoursePage"/>
  <system-out/>
  <testcase name="SelfDevelopment" time="0.159" classname="com.Test.Ui.TC_CoursePage"/>
  <system-out/>
  <testcase name="StudentLeadership" time="0.140" classname="com.Test.Ui.TC_CoursePage"/>
  <system-out/>
  <testcase name="SubjectInstruction" time="0.154" classname="com.Test.Ui.TC_CoursePage"/>
  <system-out/>
  <testcase name="TheEducationLandscape" time="0.241" classname="com.Test.Ui.TC_CoursePage"/>
  <system-out/>
  <testcase name="CourseLevel_I" time="1.199" classname="com.Test.Ui.TC_CoursePage"/>
  <system-out/>
  <testcase name="CourseLevel_II" time="1.208" classname="com.Test.Ui.TC_CoursePage"/>
  <system-out/>
  <testcase name="CourseLevel_III" time="1.356" classname="com.Test.Ui.TC_CoursePage"/>
  <system-out/>
</testsuite> <!-- com.Test.Ui.TC_CoursePage -->
