<?xml version="1.0" encoding="UTF-8"?>
<!-- Generated by org.testng.reporters.JUnitReportReporter -->
<testsuite skipped="15" hostname="manprax" name="com.Test.Ui.TC_CoursePage" tests="16" failures="0" timestamp="2021-04-03T02:38:58 IST" time="0.001" errors="1">
  <testcase name="setUp" time="0.001" classname="com.Test.Ui.TC_CoursePage">
    <error type="org.openqa.selenium.NoSuchSessionException" message="Session ID is null. Using WebDriver after calling quit()?
Build info: version: &#039;3.141.59&#039;, revision: &#039;e82be7d358&#039;, time: &#039;2018-11-14T08:17:03&#039;
System info: host: &#039;manprax&#039;, ip: &#039;192.168.10.205&#039;, os.name: &#039;Linux&#039;, os.arch: &#039;amd64&#039;, os.version: &#039;5.4.0-67-generic&#039;, java.version: &#039;1.8.0_282&#039;
Driver info: driver.version: RemoteWebDriver">
      <![CDATA[org.openqa.selenium.NoSuchSessionException: Session ID is null. Using WebDriver after calling quit()?
Build info: version: '3.141.59', revision: 'e82be7d358', time: '2018-11-14T08:17:03'
System info: host: 'manprax', ip: '192.168.10.205', os.name: 'Linux', os.arch: 'amd64', os.version: '5.4.0-67-generic', java.version: '1.8.0_282'
Driver info: driver.version: RemoteWebDriver
at org.openqa.selenium.remote.HttpCommandExecutor.execute(HttpCommandExecutor.java:125)
at org.openqa.selenium.remote.service.DriverCommandExecutor.execute(DriverCommandExecutor.java:83)
at org.openqa.selenium.remote.RemoteWebDriver.execute(RemoteWebDriver.java:552)
at org.openqa.selenium.remote.RemoteWebDriver.execute(RemoteWebDriver.java:609)
at org.openqa.selenium.remote.RemoteWebDriver$RemoteWebDriverOptions$RemoteWindow.maximize(RemoteWebDriver.java:837)
at com.Test.Ui.TestBase.start(TestBase.java:18)
at com.Test.Ui.TC_CoursePage.setUp(TC_CoursePage.java:30)
at sun.reflect.NativeMethodAccessorImpl.invoke0(Native Method)
at sun.reflect.NativeMethodAccessorImpl.invoke(NativeMethodAccessorImpl.java:62)
at sun.reflect.DelegatingMethodAccessorImpl.invoke(DelegatingMethodAccessorImpl.java:43)
at java.lang.reflect.Method.invoke(Method.java:498)
at org.testng.internal.MethodInvocationHelper.invokeMethod(MethodInvocationHelper.java:132)
at org.testng.internal.MethodInvocationHelper.invokeMethodConsideringTimeout(MethodInvocationHelper.java:61)
at org.testng.internal.ConfigInvoker.invokeConfigurationMethod(ConfigInvoker.java:366)
at org.testng.internal.ConfigInvoker.invokeConfigurations(ConfigInvoker.java:320)
at org.testng.internal.TestMethodWorker.invokeBeforeClassMethods(TestMethodWorker.java:176)
at org.testng.internal.TestMethodWorker.run(TestMethodWorker.java:122)
at java.util.ArrayList.forEach(ArrayList.java:1259)
at org.testng.TestRunner.privateRun(TestRunner.java:764)
at org.testng.TestRunner.run(TestRunner.java:585)
at org.testng.SuiteRunner.runTest(SuiteRunner.java:384)
at org.testng.SuiteRunner.runSequentially(SuiteRunner.java:378)
at org.testng.SuiteRunner.privateRun(SuiteRunner.java:337)
at org.testng.SuiteRunner.run(SuiteRunner.java:286)
at org.testng.SuiteRunnerWorker.runSuite(SuiteRunnerWorker.java:53)
at org.testng.SuiteRunnerWorker.run(SuiteRunnerWorker.java:96)
at org.testng.TestNG.runSuitesSequentially(TestNG.java:1218)
at org.testng.TestNG.runSuitesLocally(TestNG.java:1140)
at org.testng.TestNG.runSuites(TestNG.java:1069)
at org.testng.TestNG.run(TestNG.java:1037)
at org.testng.remote.AbstractRemoteTestNG.run(AbstractRemoteTestNG.java:115)
at org.testng.remote.RemoteTestNG.initAndRun(RemoteTestNG.java:251)
at org.testng.remote.RemoteTestNG.main(RemoteTestNG.java:77)
]]>
    </error>
  </testcase> <!-- setUp -->
  <system-out/>
  <testcase name="countOfLanguagefilter" time="0.000" classname="com.Test.Ui.TC_CoursePage">
    <skipped/>
  </testcase> <!-- countOfLanguagefilter -->
  <system-out/>
  <testcase name="courseLanguageFilter" time="0.000" classname="com.Test.Ui.TC_CoursePage">
    <skipped/>
  </testcase> <!-- courseLanguageFilter -->
  <system-out/>
  <testcase name="ClassrommCulture" time="0.000" classname="com.Test.Ui.TC_CoursePage">
    <skipped/>
  </testcase> <!-- ClassrommCulture -->
  <system-out/>
  <testcase name="ClassroomInstruction" time="0.000" classname="com.Test.Ui.TC_CoursePage">
    <skipped/>
  </testcase> <!-- ClassroomInstruction -->
  <system-out/>
  <testcase name="SchoolandCommunity" time="0.000" classname="com.Test.Ui.TC_CoursePage">
    <skipped/>
  </testcase> <!-- SchoolandCommunity -->
  <system-out/>
  <testcase name="SelfDevelopment" time="0.000" classname="com.Test.Ui.TC_CoursePage">
    <skipped/>
  </testcase> <!-- SelfDevelopment -->
  <system-out/>
  <testcase name="StudentLeadership" time="0.000" classname="com.Test.Ui.TC_CoursePage">
    <skipped/>
  </testcase> <!-- StudentLeadership -->
  <system-out/>
  <testcase name="SubjectInstruction" time="0.000" classname="com.Test.Ui.TC_CoursePage">
    <skipped/>
  </testcase> <!-- SubjectInstruction -->
  <system-out/>
  <testcase name="TheEducationLandscape" time="0.000" classname="com.Test.Ui.TC_CoursePage">
    <skipped/>
  </testcase> <!-- TheEducationLandscape -->
  <system-out/>
  <testcase name="CourseLevel_I" time="0.000" classname="com.Test.Ui.TC_CoursePage">
    <skipped/>
  </testcase> <!-- CourseLevel_I -->
  <system-out/>
  <testcase name="CourseLevel_II" time="0.000" classname="com.Test.Ui.TC_CoursePage">
    <skipped/>
  </testcase> <!-- CourseLevel_II -->
  <system-out/>
  <testcase name="CourseLevel_III" time="0.000" classname="com.Test.Ui.TC_CoursePage">
    <skipped/>
  </testcase> <!-- CourseLevel_III -->
  <system-out/>
  <testcase name="courseSearchBox" time="0.000" classname="com.Test.Ui.TC_CoursePage">
    <skipped/>
  </testcase> <!-- courseSearchBox -->
  <system-out/>
  <testcase name="clickOnCourse" time="0.000" classname="com.Test.Ui.TC_CoursePage">
    <skipped/>
  </testcase> <!-- clickOnCourse -->
  <system-out/>
  <testcase name="popUpViewCourse" time="0.000" classname="com.Test.Ui.TC_CoursePage">
    <skipped/>
  </testcase> <!-- popUpViewCourse -->
  <system-out/>
</testsuite> <!-- com.Test.Ui.TC_CoursePage -->
