<?xml version="1.0" encoding="UTF-8"?>
<!-- Generated by org.testng.reporters.JUnitReportReporter -->
<testsuite skipped="0" hostname="manprax" name="com.Test.Ui.TC_ResourcePage" tests="2" failures="0" timestamp="2021-04-23T13:45:32 IST" time="11.966" errors="0">
  <testcase name="TC_navigateToResourcePage" time="11.394" classname="com.Test.Ui.TC_ResourcePage"/>
  <system-out/>
  <testcase name="TC_Resource_subjectFilter" time="0.572" classname="com.Test.Ui.TC_ResourcePage"/>
  <system-out/>
</testsuite> <!-- com.Test.Ui.TC_ResourcePage -->
