<?xml version="1.0" encoding="UTF-8"?>
<!-- Generated by org.testng.reporters.JUnitReportReporter -->
<testsuite skipped="2" hostname="manprax" name="com.Test.Ui.TC_SignIn" tests="2" failures="0" timestamp="2021-04-20T03:24:42 IST" time="0.000" errors="0">
  <testcase name="login_Data" time="0.000" classname="com.Test.Ui.TC_SignIn">
    <skipped/>
  </testcase> <!-- login_Data -->
  <system-out/>
  <testcase name="Login_Test" classname="com.Test.Ui.TC_SignIn">
    <skipped/>
  </testcase> <!-- Login_Test -->
  <system-out/>
</testsuite> <!-- com.Test.Ui.TC_SignIn -->
