<?xml version="1.0" encoding="UTF-8"?>
<!-- Generated by org.testng.reporters.JUnitReportReporter -->
<testsuite skipped="0" hostname="manprax" name="com.Test.Ui.TC_CoursePage" tests="20" failures="0" timestamp="2021-04-06T18:35:44 IST" time="42.092" errors="0">
  <testcase name="courseLinkTest" time="2.421" classname="com.Test.Ui.TC_CoursePage"/>
  <system-out/>
  <testcase name="countOfLanguagefilter" time="0.716" classname="com.Test.Ui.TC_CoursePage"/>
  <system-out/>
  <testcase name="courseLanguageFilter" time="10.163" classname="com.Test.Ui.TC_CoursePage"/>
  <system-out/>
  <testcase name="ClassrommCulture" time="0.242" classname="com.Test.Ui.TC_CoursePage"/>
  <system-out/>
  <testcase name="ClassroomInstruction" time="0.187" classname="com.Test.Ui.TC_CoursePage"/>
  <system-out/>
  <testcase name="SchoolandCommunity" time="0.465" classname="com.Test.Ui.TC_CoursePage"/>
  <system-out/>
  <testcase name="SelfDevelopment" time="0.163" classname="com.Test.Ui.TC_CoursePage"/>
  <system-out/>
  <testcase name="StudentLeadership" time="0.183" classname="com.Test.Ui.TC_CoursePage"/>
  <system-out/>
  <testcase name="SubjectInstruction" time="0.147" classname="com.Test.Ui.TC_CoursePage"/>
  <system-out/>
  <testcase name="TheEducationLandscape" time="0.377" classname="com.Test.Ui.TC_CoursePage"/>
  <system-out/>
  <testcase name="CourseLevel_I" time="0.718" classname="com.Test.Ui.TC_CoursePage"/>
  <system-out/>
  <testcase name="CourseLevel_II" time="2.562" classname="com.Test.Ui.TC_CoursePage"/>
  <system-out/>
  <testcase name="CourseLevel_III" time="2.442" classname="com.Test.Ui.TC_CoursePage"/>
  <system-out/>
  <testcase name="courseSearchBox" time="1.425" classname="com.Test.Ui.TC_CoursePage"/>
  <system-out/>
  <testcase name="clickOnCourse" time="0.388" classname="com.Test.Ui.TC_CoursePage"/>
  <system-out/>
  <testcase name="clikOnPopUpViewCourse" time="2.975" classname="com.Test.Ui.TC_CoursePage"/>
  <system-out/>
  <testcase name="clikOnRegisterNow" time="2.533" classname="com.Test.Ui.TC_CoursePage"/>
  <system-out/>
  <testcase name="courseRegisterPage" time="0.575" classname="com.Test.Ui.TC_CoursePage"/>
  <system-out/>
  <testcase name="course_CustomRegisterPage" time="8.910" classname="com.Test.Ui.TC_CoursePage"/>
  <system-out/>
  <testcase name="viewCourseSignInUser" time="4.500" classname="com.Test.Ui.TC_CoursePage"/>
  <system-out/>
</testsuite> <!-- com.Test.Ui.TC_CoursePage -->
