<?xml version="1.0" encoding="UTF-8"?>
<!-- Generated by org.testng.reporters.JUnitReportReporter -->
<testsuite skipped="0" hostname="manprax" name="com.Test.Ui.TC_CoursePage" tests="3" failures="0" timestamp="2021-03-23T14:50:07 IST" time="11.321" errors="0">
  <testcase name="courseSearchBox" time="1.458" classname="com.Test.Ui.TC_CoursePage"/>
  <system-out/>
  <testcase name="clickOnCourse" time="0.163" classname="com.Test.Ui.TC_CoursePage"/>
  <system-out/>
  <testcase name="popUpViewCourse" time="9.700" classname="com.Test.Ui.TC_CoursePage"/>
  <system-out/>
</testsuite> <!-- com.Test.Ui.TC_CoursePage -->
