<?xml version="1.0" encoding="UTF-8"?>
<!-- Generated by org.testng.reporters.JUnitReportReporter -->
<testsuite skipped="13" hostname="manprax" name="com.Test.Ui.TC_CoursePage" tests="14" failures="0" timestamp="2021-03-18T01:53:03 IST" time="0.018" errors="1">
  <testcase name="setUp" time="0.018" classname="com.Test.Ui.TC_CoursePage">
    <error type="java.lang.NullPointerException">
      <![CDATA[java.lang.NullPointerException
at com.Pages.Base.clickOn(Base.java:25)
at com.Pages.HomePage.navigateToCoursePage(HomePage.java:16)
at com.Test.Ui.TC_CoursePage.setUp(TC_CoursePage.java:24)
at sun.reflect.NativeMethodAccessorImpl.invoke0(Native Method)
at sun.reflect.NativeMethodAccessorImpl.invoke(NativeMethodAccessorImpl.java:62)
at sun.reflect.DelegatingMethodAccessorImpl.invoke(DelegatingMethodAccessorImpl.java:43)
at java.lang.reflect.Method.invoke(Method.java:498)
at org.testng.internal.MethodInvocationHelper.invokeMethod(MethodInvocationHelper.java:132)
at org.testng.internal.MethodInvocationHelper.invokeMethodConsideringTimeout(MethodInvocationHelper.java:61)
at org.testng.internal.ConfigInvoker.invokeConfigurationMethod(ConfigInvoker.java:366)
at org.testng.internal.ConfigInvoker.invokeConfigurations(ConfigInvoker.java:320)
at org.testng.internal.TestMethodWorker.invokeBeforeClassMethods(TestMethodWorker.java:176)
at org.testng.internal.TestMethodWorker.run(TestMethodWorker.java:122)
at java.util.ArrayList.forEach(ArrayList.java:1259)
at org.testng.TestRunner.privateRun(TestRunner.java:764)
at org.testng.TestRunner.run(TestRunner.java:585)
at org.testng.SuiteRunner.runTest(SuiteRunner.java:384)
at org.testng.SuiteRunner.runSequentially(SuiteRunner.java:378)
at org.testng.SuiteRunner.privateRun(SuiteRunner.java:337)
at org.testng.SuiteRunner.run(SuiteRunner.java:286)
at org.testng.SuiteRunnerWorker.runSuite(SuiteRunnerWorker.java:53)
at org.testng.SuiteRunnerWorker.run(SuiteRunnerWorker.java:96)
at org.testng.TestNG.runSuitesSequentially(TestNG.java:1218)
at org.testng.TestNG.runSuitesLocally(TestNG.java:1140)
at org.testng.TestNG.runSuites(TestNG.java:1069)
at org.testng.TestNG.run(TestNG.java:1037)
at org.testng.remote.AbstractRemoteTestNG.run(AbstractRemoteTestNG.java:115)
at org.testng.remote.RemoteTestNG.initAndRun(RemoteTestNG.java:251)
at org.testng.remote.RemoteTestNG.main(RemoteTestNG.java:77)
]]>
    </error>
  </testcase> <!-- setUp -->
  <system-out/>
  <testcase name="courseLinkTest" time="0.000" classname="com.Test.Ui.TC_CoursePage">
    <skipped/>
  </testcase> <!-- courseLinkTest -->
  <system-out/>
  <testcase name="countOfLanguagefilter" time="0.000" classname="com.Test.Ui.TC_CoursePage">
    <skipped/>
  </testcase> <!-- countOfLanguagefilter -->
  <system-out/>
  <testcase name="courseLanguageFilter" time="0.000" classname="com.Test.Ui.TC_CoursePage">
    <skipped/>
  </testcase> <!-- courseLanguageFilter -->
  <system-out/>
  <testcase name="ClassrommCulture" time="0.000" classname="com.Test.Ui.TC_CoursePage">
    <skipped/>
  </testcase> <!-- ClassrommCulture -->
  <system-out/>
  <testcase name="ClassroomInstruction" time="0.000" classname="com.Test.Ui.TC_CoursePage">
    <skipped/>
  </testcase> <!-- ClassroomInstruction -->
  <system-out/>
  <testcase name="SchoolandCommunity" time="0.000" classname="com.Test.Ui.TC_CoursePage">
    <skipped/>
  </testcase> <!-- SchoolandCommunity -->
  <system-out/>
  <testcase name="SelfDevelopment" time="0.000" classname="com.Test.Ui.TC_CoursePage">
    <skipped/>
  </testcase> <!-- SelfDevelopment -->
  <system-out/>
  <testcase name="StudentLeadership" time="0.000" classname="com.Test.Ui.TC_CoursePage">
    <skipped/>
  </testcase> <!-- StudentLeadership -->
  <system-out/>
  <testcase name="SubjectInstruction" time="0.000" classname="com.Test.Ui.TC_CoursePage">
    <skipped/>
  </testcase> <!-- SubjectInstruction -->
  <system-out/>
  <testcase name="TheEducationLandscape" time="0.000" classname="com.Test.Ui.TC_CoursePage">
    <skipped/>
  </testcase> <!-- TheEducationLandscape -->
  <system-out/>
  <testcase name="CourseLevel_I" time="0.000" classname="com.Test.Ui.TC_CoursePage">
    <skipped/>
  </testcase> <!-- CourseLevel_I -->
  <system-out/>
  <testcase name="CourseLevel_II" time="0.000" classname="com.Test.Ui.TC_CoursePage">
    <skipped/>
  </testcase> <!-- CourseLevel_II -->
  <system-out/>
  <testcase name="CourseLevel_III" time="0.000" classname="com.Test.Ui.TC_CoursePage">
    <skipped/>
  </testcase> <!-- CourseLevel_III -->
  <system-out/>
</testsuite> <!-- com.Test.Ui.TC_CoursePage -->
