<?xml version="1.0" encoding="UTF-8"?>
<!-- Generated by org.testng.reporters.JUnitReportReporter -->
<testsuite skipped="1" hostname="manprax" name="com.Test.Ui.TC_SignIn" tests="2" failures="0" timestamp="2021-05-06T18:23:34 IST" time="20.348" errors="0">
  <testcase name="login_Data" time="20.348" classname="com.Test.Ui.TC_SignIn"/>
  <system-out/>
  <testcase name="Login_Test" classname="com.Test.Ui.TC_SignIn">
    <skipped/>
  </testcase> <!-- Login_Test -->
  <system-out/>
</testsuite> <!-- com.Test.Ui.TC_SignIn -->
