<?xml version="1.0" encoding="UTF-8"?>
<!-- Generated by org.testng.reporters.JUnitReportReporter -->
<testsuite skipped="0" hostname="manprax" name="com.Test.Ui.TC_WebinarPage" tests="6" failures="0" timestamp="2021-04-20T23:28:10 IST" time="433.362" errors="0">
  <testcase name="TC_topicFilter" time="193.281" classname="com.Test.Ui.TC_WebinarPage"/>
  <system-out/>
  <testcase name="TC_speakerFilter" time="221.534" classname="com.Test.Ui.TC_WebinarPage"/>
  <system-out/>
  <testcase name="TC_searchFilter" time="3.921" classname="com.Test.Ui.TC_WebinarPage"/>
  <system-out/>
  <testcase name="TC_WebinarTopic" time="3.034" classname="com.Test.Ui.TC_WebinarPage"/>
  <system-out/>
  <testcase name="Login_Test" time="7.313" classname="com.Test.Ui.TC_WebinarPage"/>
  <system-out/>
  <testcase name="TC_DiscussionTab" time="4.279" classname="com.Test.Ui.TC_WebinarPage"/>
  <system-out/>
</testsuite> <!-- com.Test.Ui.TC_WebinarPage -->
