<?xml version="1.0" encoding="UTF-8"?>
<!-- Generated by org.testng.reporters.JUnitReportReporter -->
<testsuite skipped="0" hostname="manprax" name="com.Test.Ui.TC_CoursePage" tests="17" failures="0" timestamp="2021-03-24T11:35:43 IST" time="46.657" errors="1">
  <testcase name="courseLinkTest" time="1.829" classname="com.Test.Ui.TC_CoursePage"/>
  <system-out/>
  <testcase name="countOfLanguagefilter" time="0.507" classname="com.Test.Ui.TC_CoursePage"/>
  <system-out/>
  <testcase name="courseLanguageFilter" time="25.246" classname="com.Test.Ui.TC_CoursePage">
    <error type="org.openqa.selenium.TimeoutException" message="Expected condition failed: waiting for visibility of all elements located by By.xpath: //div[@class=&quot;dx-scrollview-content&quot;]/div (tried for 20 second(s) with 500 milliseconds interval)
Build info: version: &#039;3.141.59&#039;, revision: &#039;e82be7d358&#039;, time: &#039;2018-11-14T08:17:03&#039;
System info: host: &#039;manprax&#039;, ip: &#039;172.20.10.4&#039;, os.name: &#039;Linux&#039;, os.arch: &#039;amd64&#039;, os.version: &#039;5.4.0-67-generic&#039;, java.version: &#039;1.8.0_282&#039;
Driver info: org.openqa.selenium.chrome.ChromeDriver
Capabilities {acceptInsecureCerts: false, acceptSslCerts: false, applicationCacheEnabled: false, browserConnectionEnabled: false, browserName: chrome, chrome: {chromedriverVersion: 2.41.578700 (2f1ed5f9343c13..., userDataDir: /tmp/.org.chromium.Chromium...}, cssSelectorsEnabled: true, databaseEnabled: false, goog:chromeOptions: {debuggerAddress: localhost:34433}, handlesAlerts: true, hasTouchScreen: false, javascriptEnabled: true, locationContextEnabled: true, mobileEmulationEnabled: false, nativeEvents: true, networkConnectionEnabled: false, pageLoadStrategy: normal, platform: LINUX, platformName: LINUX, rotatable: false, setWindowRect: true, takesHeapSnapshot: true, takesScreenshot: true, unexpectedAlertBehaviour: , unhandledPromptBehavior: , version: 89.0.4389.90, webStorageEnabled: true}
Session ID: 07cb016c8ccba4ebd98ae5de80d20ccc">
      <![CDATA[org.openqa.selenium.TimeoutException: Expected condition failed: waiting for visibility of all elements located by By.xpath: //div[@class="dx-scrollview-content"]/div (tried for 20 second(s) with 500 milliseconds interval)
Build info: version: '3.141.59', revision: 'e82be7d358', time: '2018-11-14T08:17:03'
System info: host: 'manprax', ip: '172.20.10.4', os.name: 'Linux', os.arch: 'amd64', os.version: '5.4.0-67-generic', java.version: '1.8.0_282'
Driver info: org.openqa.selenium.chrome.ChromeDriver
Capabilities {acceptInsecureCerts: false, acceptSslCerts: false, applicationCacheEnabled: false, browserConnectionEnabled: false, browserName: chrome, chrome: {chromedriverVersion: 2.41.578700 (2f1ed5f9343c13..., userDataDir: /tmp/.org.chromium.Chromium...}, cssSelectorsEnabled: true, databaseEnabled: false, goog:chromeOptions: {debuggerAddress: localhost:34433}, handlesAlerts: true, hasTouchScreen: false, javascriptEnabled: true, locationContextEnabled: true, mobileEmulationEnabled: false, nativeEvents: true, networkConnectionEnabled: false, pageLoadStrategy: normal, platform: LINUX, platformName: LINUX, rotatable: false, setWindowRect: true, takesHeapSnapshot: true, takesScreenshot: true, unexpectedAlertBehaviour: , unhandledPromptBehavior: , version: 89.0.4389.90, webStorageEnabled: true}
Session ID: 07cb016c8ccba4ebd98ae5de80d20ccc
at org.openqa.selenium.support.ui.WebDriverWait.timeoutException(WebDriverWait.java:95)
at org.openqa.selenium.support.ui.FluentWait.until(FluentWait.java:272)
at com.Pages.Base.dropDownOption(Base.java:59)
at com.Pages.CoursePage.chooseLanguage(CoursePage.java:30)
at com.Test.Ui.TC_CoursePage.courseLanguageFilter(TC_CoursePage.java:45)
at sun.reflect.NativeMethodAccessorImpl.invoke0(Native Method)
at sun.reflect.NativeMethodAccessorImpl.invoke(NativeMethodAccessorImpl.java:62)
at sun.reflect.DelegatingMethodAccessorImpl.invoke(DelegatingMethodAccessorImpl.java:43)
at java.lang.reflect.Method.invoke(Method.java:498)
at org.testng.internal.MethodInvocationHelper.invokeMethod(MethodInvocationHelper.java:132)
at org.testng.internal.TestInvoker.invokeMethod(TestInvoker.java:599)
at org.testng.internal.TestInvoker.invokeTestMethod(TestInvoker.java:174)
at org.testng.internal.MethodRunner.runInSequence(MethodRunner.java:46)
at org.testng.internal.TestInvoker$MethodInvocationAgent.invoke(TestInvoker.java:822)
at org.testng.internal.TestInvoker.invokeTestMethods(TestInvoker.java:147)
at org.testng.internal.TestMethodWorker.invokeTestMethods(TestMethodWorker.java:146)
at org.testng.internal.TestMethodWorker.run(TestMethodWorker.java:128)
at java.util.ArrayList.forEach(ArrayList.java:1259)
at org.testng.TestRunner.privateRun(TestRunner.java:764)
at org.testng.TestRunner.run(TestRunner.java:585)
at org.testng.SuiteRunner.runTest(SuiteRunner.java:384)
at org.testng.SuiteRunner.runSequentially(SuiteRunner.java:378)
at org.testng.SuiteRunner.privateRun(SuiteRunner.java:337)
at org.testng.SuiteRunner.run(SuiteRunner.java:286)
at org.testng.SuiteRunnerWorker.runSuite(SuiteRunnerWorker.java:53)
at org.testng.SuiteRunnerWorker.run(SuiteRunnerWorker.java:96)
at org.testng.TestNG.runSuitesSequentially(TestNG.java:1218)
at org.testng.TestNG.runSuitesLocally(TestNG.java:1140)
at org.testng.TestNG.runSuites(TestNG.java:1069)
at org.testng.TestNG.run(TestNG.java:1037)
at org.testng.remote.AbstractRemoteTestNG.run(AbstractRemoteTestNG.java:115)
at org.testng.remote.RemoteTestNG.initAndRun(RemoteTestNG.java:251)
at org.testng.remote.RemoteTestNG.main(RemoteTestNG.java:77)
]]>
    </error>
  </testcase> <!-- courseLanguageFilter -->
  <system-out/>
  <testcase name="ClassrommCulture" time="0.262" classname="com.Test.Ui.TC_CoursePage"/>
  <system-out/>
  <testcase name="ClassroomInstruction" time="0.162" classname="com.Test.Ui.TC_CoursePage"/>
  <system-out/>
  <testcase name="SchoolandCommunity" time="0.251" classname="com.Test.Ui.TC_CoursePage"/>
  <system-out/>
  <testcase name="SelfDevelopment" time="0.165" classname="com.Test.Ui.TC_CoursePage"/>
  <system-out/>
  <testcase name="StudentLeadership" time="1.436" classname="com.Test.Ui.TC_CoursePage"/>
  <system-out/>
  <testcase name="SubjectInstruction" time="0.158" classname="com.Test.Ui.TC_CoursePage"/>
  <system-out/>
  <testcase name="TheEducationLandscape" time="0.261" classname="com.Test.Ui.TC_CoursePage"/>
  <system-out/>
  <testcase name="CourseLevel_I" time="1.268" classname="com.Test.Ui.TC_CoursePage"/>
  <system-out/>
  <testcase name="CourseLevel_II" time="2.040" classname="com.Test.Ui.TC_CoursePage"/>
  <system-out/>
  <testcase name="CourseLevel_III" time="3.899" classname="com.Test.Ui.TC_CoursePage"/>
  <system-out/>
  <testcase name="courseSearchBox" time="2.467" classname="com.Test.Ui.TC_CoursePage"/>
  <system-out/>
  <testcase name="clickOnCourse" time="0.231" classname="com.Test.Ui.TC_CoursePage"/>
  <system-out/>
  <testcase name="popUpViewCourse" time="4.572" classname="com.Test.Ui.TC_CoursePage"/>
  <system-out/>
  <testcase name="courseRegsNow" time="1.903" classname="com.Test.Ui.TC_CoursePage"/>
  <system-out/>
</testsuite> <!-- com.Test.Ui.TC_CoursePage -->
