<?xml version="1.0" encoding="UTF-8"?>
<!-- Generated by org.testng.reporters.JUnitReportReporter -->
<testsuite skipped="0" hostname="manprax" name="com.Test.Ui.TC_RegistrationPage" tests="2" failures="0" timestamp="2021-04-05T17:54:47 IST" time="8.044" errors="0">
  <testcase name="RegistrationPage" time="0.746" classname="com.Test.Ui.TC_RegistrationPage"/>
  <system-out/>
  <testcase name="custom_RegistrationPage" time="7.298" classname="com.Test.Ui.TC_RegistrationPage"/>
  <system-out/>
</testsuite> <!-- com.Test.Ui.TC_RegistrationPage -->
